2010-05-28 10:24:39 INFO Sent mail to #<MailListRecipient:0x1030c7278>, #<MailListRecipient:0x1030c71b0>
2010-05-28 10:24:39 DEBUG 
Date: Fri, 28 May 2010 10:24:38 -0600
Subject: A new Enews Signup Request has been submitted
Mime-Version: 1.0
Content-Type: multipart/alternative; boundary=mimepart_4bffee47e1c6_15d3081b2c18c17e


--mimepart_4bffee47e1c6_15d3081b2c18c17e
Content-Type: text/html; charset=utf-8
Content-Transfer-Encoding: Quoted-printable
Content-Disposition: inline

<!DOCTYPE html PUBLIC "-//W3C//DTD XHTML 1.0 Transitional//EN"
       "http://www.w3.org/TR/xhtml1/DTD/xhtml1-transitional.dtd">

<html xmlns=3D"http://www.w3.org/1999/xhtml" xml:lang=3D"en" lang=3D"en">=

<head>
</head>
<body>
  <p>A Enews Signup Request has been submitted on .  It was submitted by =
Mr. Sam Cooper (sam@foo.bar) on Fri May 28, 09:24 AM</p>
  <p>More Details:</p>
  =

  <table>
  =

  <tr>
    <td>organizationchgWorks:</td>
    <td></td>
  </tr>
  =

  <tr>
    <td>phone888888888:</td>
    <td></td>
  </tr>
  =

  <tr>
    <td>currently_a_customertrue:</td>
    <td></td>
  </tr>
  =

  <br />
  An entry has been created in the database for this request:<br />
 <a href=3D""></a>
</body>
</html>

--mimepart_4bffee47e1c6_15d3081b2c18c17e--

2010-05-28 10:29:50 INFO Sent mail to #<MailListRecipient:0x1035fc040>, #<MailListRecipient:0x1035fbf78>
2010-05-28 10:29:54 DEBUG 
Date: Fri, 28 May 2010 10:28:28 -0600
Subject: A new Enews Signup Request has been submitted
Mime-Version: 1.0
Content-Type: multipart/alternative; boundary=mimepart_4bffef826766d_15d308196e3b844e


--mimepart_4bffef826766d_15d308196e3b844e
Content-Type: text/html; charset=utf-8
Content-Transfer-Encoding: Quoted-printable
Content-Disposition: inline

<!DOCTYPE html PUBLIC "-//W3C//DTD XHTML 1.0 Transitional//EN"
       "http://www.w3.org/TR/xhtml1/DTD/xhtml1-transitional.dtd">

<html xmlns=3D"http://www.w3.org/1999/xhtml" xml:lang=3D"en" lang=3D"en">=

<head>
</head>
<body>
  <p>A Enews Signup Request has been submitted on .  It was submitted by =
asddsf (sam@foo.bar) on Fri May 28, 09:27 AM</p>
  <p>More Details:</p>
  =

  <table>
  =

  <tr>
    <td>organization:</td>
    <td></td>
  </tr>
  =

  <tr>
    <td>phone:</td>
    <td></td>
  </tr>
  =

  <tr>
    <td>currently_a_customertrue:</td>
    <td></td>
  </tr>
  =

  <br />
  An entry has been created in the database for this request:<br />
 <a href=3D""></a>
</body>
</html>

--mimepart_4bffef826766d_15d308196e3b844e--

2010-05-28 10:35:26 INFO Sent mail to sam@chgworks.com, sandfish8@gmail.com
2010-05-28 10:35:26 DEBUG 
Date: Fri, 28 May 2010 10:35:26 -0600
To: sam@chgworks.com, sandfish8@gmail.com
Subject: A new Enews Signup Request has been submitted
Mime-Version: 1.0
Content-Type: multipart/alternative; boundary=mimepart_4bfff0ce2b2b6_15d3081b4a1507b6


--mimepart_4bfff0ce2b2b6_15d3081b4a1507b6
Content-Type: text/html; charset=utf-8
Content-Transfer-Encoding: Quoted-printable
Content-Disposition: inline

<!DOCTYPE html PUBLIC "-//W3C//DTD XHTML 1.0 Transitional//EN"
       "http://www.w3.org/TR/xhtml1/DTD/xhtml1-transitional.dtd">

<html xmlns=3D"http://www.w3.org/1999/xhtml" xml:lang=3D"en" lang=3D"en">=

<head>
</head>
<body>
  <p>A Enews Signup Request has been submitted on .  It was submitted by =
Mr. Sam Cooper (sam@foo.bar) on Fri May 28, 09:35 AM</p>
  <p>More Details:</p>
  =

  <table>
  =

  <tr>
    <td>organizationchgWorks:</td>
    <td></td>
  </tr>
  =

  <tr>
    <td>phone888888888:</td>
    <td></td>
  </tr>
  =

  <tr>
    <td>currently_a_customertrue:</td>
    <td></td>
  </tr>
  =

  <br />
  An entry has been created in the database for this request:<br />
 <a href=3D""></a>
</body>
</html>

--mimepart_4bfff0ce2b2b6_15d3081b4a1507b6--

2010-05-28 10:41:08 INFO Sent mail to sam@chgworks.com, sandfish8@gmail.com
2010-05-28 10:41:08 DEBUG 
Date: Fri, 28 May 2010 10:41:08 -0600
To: sam@chgworks.com, sandfish8@gmail.com
Subject: A new Enews Signup Request has been submitted
Mime-Version: 1.0
Content-Type: multipart/alternative; boundary=mimepart_4bfff224a75a8_15d308188e07410c5


--mimepart_4bfff224a75a8_15d308188e07410c5
Content-Type: text/html; charset=utf-8
Content-Transfer-Encoding: Quoted-printable
Content-Disposition: inline

<!DOCTYPE html PUBLIC "-//W3C//DTD XHTML 1.0 Transitional//EN"
       "http://www.w3.org/TR/xhtml1/DTD/xhtml1-transitional.dtd">

<html xmlns=3D"http://www.w3.org/1999/xhtml" xml:lang=3D"en" lang=3D"en">=

<head>
</head>
<body>
  <p>A Enews Signup Request has been submitted on http://cuesplus.org.  I=
t was submitted by Sam Cooper (sam@foo.bar) on Fri May 28, 09:41 AM</p>
  =

  <table>
  =

  <tr>
    <td>organizationorganization:</td>
    <td><b></b></td>
  </tr>
  =

  <tr>
    <td>phonephone:</td>
    <td><b></b></td>
  </tr>
  =

  <tr>
    <td>currently_a_customercurrently_a_customer:</td>
    <td><b></b></td>
  </tr>
  =

  <br />
</body>
</html>

--mimepart_4bfff224a75a8_15d308188e07410c5--

2010-05-28 10:49:39 INFO Sent mail to sam@chgworks.com, sandfish8@gmail.com
2010-05-28 10:49:39 DEBUG 
Date: Fri, 28 May 2010 10:48:16 -0600
To: sam@chgworks.com, sandfish8@gmail.com
Subject: A new Enews Signup Request has been submitted
Mime-Version: 1.0
Content-Type: multipart/alternative; boundary=mimepart_4bfff423e6958_15d3081b1c68813c2


--mimepart_4bfff423e6958_15d3081b1c68813c2
Content-Type: text/html; charset=utf-8
Content-Transfer-Encoding: Quoted-printable
Content-Disposition: inline

<!DOCTYPE html PUBLIC "-//W3C//DTD XHTML 1.0 Transitional//EN"
       "http://www.w3.org/TR/xhtml1/DTD/xhtml1-transitional.dtd">

<html xmlns=3D"http://www.w3.org/1999/xhtml" xml:lang=3D"en" lang=3D"en">=

<head>
</head>
<body>
  <p>A Enews Signup Request has been submitted on http://cuesplus.org.  I=
t was submitted by Mr. Sam Cooper (sam@foo.bar) on Fri May 28, 09:48 AM</=
p>
  =

  <table>
  =

  <tr>
    <td>organizationchgWorks:</td>
    <td><b></b></td>
  </tr>
  =

  <tr>
    <td>phonechgWorks:</td>
    <td><b></b></td>
  </tr>
  =

  <tr>
    <td>currently_a_customerchgWorks:</td>
    <td><b></b></td>
  </tr>
  =

  <br />
</body>
</html>

--mimepart_4bfff423e6958_15d3081b1c68813c2--

2010-05-28 10:53:52 INFO Sent mail to sam@chgworks.com, sandfish8@gmail.com
2010-05-28 10:53:52 DEBUG 
Date: Fri, 28 May 2010 10:50:16 -0600
To: sam@chgworks.com, sandfish8@gmail.com
Subject: A new Enews Signup Request has been submitted
Mime-Version: 1.0
Content-Type: multipart/alternative; boundary=mimepart_4bfff52043c26_15d3081acc3e01646


--mimepart_4bfff52043c26_15d3081acc3e01646
Content-Type: text/html; charset=utf-8
Content-Transfer-Encoding: Quoted-printable
Content-Disposition: inline

<!DOCTYPE html PUBLIC "-//W3C//DTD XHTML 1.0 Transitional//EN"
       "http://www.w3.org/TR/xhtml1/DTD/xhtml1-transitional.dtd">

<html xmlns=3D"http://www.w3.org/1999/xhtml" xml:lang=3D"en" lang=3D"en">=

<head>
</head>
<body>
  <p>A Enews Signup Request has been submitted on http://cuesplus.org.  I=
t was submitted by Mr. Sam Cooper (sam@foo.bar) on Fri May 28, 09:50 AM</=
p>
  =

  <table>
  =

  <tr>
    <td>organizationorganization:</td>
    <td><b></b></td>
  </tr>
  =

  <tr>
    <td>phonephone:</td>
    <td><b></b></td>
  </tr>
  =

  <tr>
    <td>currently_a_customercurrently_a_customer:</td>
    <td><b></b></td>
  </tr>
  =

  <br />
</body>
</html>

--mimepart_4bfff52043c26_15d3081acc3e01646--

2010-05-28 10:57:05 INFO Sent mail to sam@chgworks.com, sandfish8@gmail.com
2010-05-28 10:57:05 DEBUG 
Date: Fri, 28 May 2010 10:54:22 -0600
To: sam@chgworks.com, sandfish8@gmail.com
Subject: A new Enews Signup Request has been submitted
Mime-Version: 1.0
Content-Type: multipart/alternative; boundary=mimepart_4bfff5e13c539_15d3081a45bd81936


--mimepart_4bfff5e13c539_15d3081a45bd81936
Content-Type: text/html; charset=utf-8
Content-Transfer-Encoding: Quoted-printable
Content-Disposition: inline

<!DOCTYPE html PUBLIC "-//W3C//DTD XHTML 1.0 Transitional//EN"
       "http://www.w3.org/TR/xhtml1/DTD/xhtml1-transitional.dtd">

<html xmlns=3D"http://www.w3.org/1999/xhtml" xml:lang=3D"en" lang=3D"en">=

<head>
</head>
<body>
  <p>A Enews Signup Request has been submitted on http://cuesplus.org.  I=
t was submitted by mr Sam Cooper (sam@foo.bar) on Fri May 28, 09:54 AM</p=
>
  =

  <table>
  =

  <tr>
    <td>organizationkey:</td>
    <td><b></b></td>
  </tr>
  =

  <tr>
    <td>phonekey:</td>
    <td><b></b></td>
  </tr>
  =

  <tr>
    <td>currently_a_customerkey:</td>
    <td><b></b></td>
  </tr>
  =

  <br />
</body>
</html>

--mimepart_4bfff5e13c539_15d3081a45bd81936--

2010-05-28 10:58:21 INFO Sent mail to sam@chgworks.com, sandfish8@gmail.com
2010-05-28 10:58:21 DEBUG 
Date: Fri, 28 May 2010 10:57:34 -0600
To: sam@chgworks.com, sandfish8@gmail.com
Subject: A new Enews Signup Request has been submitted
Mime-Version: 1.0
Content-Type: multipart/alternative; boundary=mimepart_4bfff62d3600f_15d308198edc02246


--mimepart_4bfff62d3600f_15d308198edc02246
Content-Type: text/html; charset=utf-8
Content-Transfer-Encoding: Quoted-printable
Content-Disposition: inline

<!DOCTYPE html PUBLIC "-//W3C//DTD XHTML 1.0 Transitional//EN"
       "http://www.w3.org/TR/xhtml1/DTD/xhtml1-transitional.dtd">

<html xmlns=3D"http://www.w3.org/1999/xhtml" xml:lang=3D"en" lang=3D"en">=

<head>
</head>
<body>
  <p>A Enews Signup Request has been submitted on http://cuesplus.org.  I=
t was submitted by Mr. Sam Cooper (sam@foo.bar) on Fri May 28, 09:57 AM</=
p>
  =

  <table>
  =

  <tr>
    <td>organization:</td>
    <td><b></b></td>
  </tr>
  =

  <tr>
    <td>phone:</td>
    <td><b></b></td>
  </tr>
  =

  <tr>
    <td>currently_a_customertrue:</td>
    <td><b></b></td>
  </tr>
  =

  <br />
</body>
</html>

--mimepart_4bfff62d3600f_15d308198edc02246--

2010-05-28 11:02:55 INFO Sent mail to sam@chgworks.com, sandfish8@gmail.com
2010-05-28 11:02:55 DEBUG 
Date: Fri, 28 May 2010 10:58:58 -0600
To: sam@chgworks.com, sandfish8@gmail.com
Subject: A new Enews Signup Request has been submitted
Mime-Version: 1.0
Content-Type: multipart/alternative; boundary=mimepart_4bfff73f5e64e_15e7481aebb501d5


--mimepart_4bfff73f5e64e_15e7481aebb501d5
Content-Type: text/html; charset=utf-8
Content-Transfer-Encoding: Quoted-printable
Content-Disposition: inline

<!DOCTYPE html PUBLIC "-//W3C//DTD XHTML 1.0 Transitional//EN"
       "http://www.w3.org/TR/xhtml1/DTD/xhtml1-transitional.dtd">

<html xmlns=3D"http://www.w3.org/1999/xhtml" xml:lang=3D"en" lang=3D"en">=

<head>
</head>
<body>
  <p>A Enews Signup Request has been submitted on http://cuesplus.org.  I=
t was submitted by Mr. Sam Cooper (sam@foo.bar) on Fri May 28, 09:58 AM</=
p>
  =

  <table>
  =

  <tr>
    <td>organization:</td>
    <td><b></b></td>
  </tr>
  =

  <tr>
    <td>phone:</td>
    <td><b></b></td>
  </tr>
  =

  <tr>
    <td>currently_a_customertrue:</td>
    <td><b></b></td>
  </tr>
  =

  <br />
</body>
</html>

--mimepart_4bfff73f5e64e_15e7481aebb501d5--

2010-05-28 11:09:44 INFO Sent mail to sam@chgworks.com, sandfish8@gmail.com
2010-05-28 11:09:44 DEBUG 
Date: Fri, 28 May 2010 11:09:38 -0600
To: sam@chgworks.com, sandfish8@gmail.com
Subject: A new Enews Signup Request has been submitted
Mime-Version: 1.0
Content-Type: multipart/alternative; boundary=mimepart_4bfff8d82549b_15e74818a620044f


--mimepart_4bfff8d82549b_15e74818a620044f
Content-Type: text/html; charset=utf-8
Content-Transfer-Encoding: Quoted-printable
Content-Disposition: inline

<!DOCTYPE html PUBLIC "-//W3C//DTD XHTML 1.0 Transitional//EN"
       "http://www.w3.org/TR/xhtml1/DTD/xhtml1-transitional.dtd">

<html xmlns=3D"http://www.w3.org/1999/xhtml" xml:lang=3D"en" lang=3D"en">=

<head>
</head>
<body>
  <p>An Enews Signup Request has been submitted on http://cuesplus.org.  =
It was submitted by Mr. Sam Cooper (sam@foo.bar) on Fri May 28, 10:09 AM<=
/p>
  =

  <table>
  =

  <tr>
        <td>organization:</td>
    <td><b>ch</b></td>
    =

  </tr>
  =

  <tr>
        <td>phone:</td>
    <td><b>88</b></td>
    =

  </tr>
  =

  <tr>
        <td>currently_a_customer:</td>
    <td><b>true</b></td>
    =

  </tr>
  =

  <br />
</body>
</html>

--mimepart_4bfff8d82549b_15e74818a620044f--

2010-05-28 11:12:07 INFO Sent mail to sam@chgworks.com, sandfish8@gmail.com
2010-05-28 11:12:07 DEBUG 
Date: Fri, 28 May 2010 11:11:54 -0600
To: sam@chgworks.com, sandfish8@gmail.com
Subject: A new Enews Signup Request has been submitted
Mime-Version: 1.0
Content-Type: multipart/alternative; boundary=mimepart_4bfff967df88d_15e7481b53750788


--mimepart_4bfff967df88d_15e7481b53750788
Content-Type: text/html; charset=utf-8
Content-Transfer-Encoding: Quoted-printable
Content-Disposition: inline

<!DOCTYPE html PUBLIC "-//W3C//DTD XHTML 1.0 Transitional//EN"
       "http://www.w3.org/TR/xhtml1/DTD/xhtml1-transitional.dtd">

<html xmlns=3D"http://www.w3.org/1999/xhtml" xml:lang=3D"en" lang=3D"en">=

<head>
</head>
<body>
  <p>An Enews Signup Request has been submitted on http://cuesplus.org.  =
It was submitted by Mr. Sam Cooper (sam@foo.bar) on Fri May 28, 10:11 AM<=
/p>
  =

  <table callspacin=3D"10">
  =

  <tr>
        <td>organization:</td>
    <td>chgWorks</td>
    =

  </tr>
  =

  <tr>
        <td>phone:</td>
    <td>888888888</td>
    =

  </tr>
  =

  <tr>
        <td>currently_a_customer:</td>
    <td>true</td>
    =

  </tr>
  =

  <br />
</body>
</html>

--mimepart_4bfff967df88d_15e7481b53750788--

2010-05-28 11:14:07 INFO Sent mail to 
2010-05-28 11:14:07 DEBUG 
Date: Fri, 28 May 2010 11:13:45 -0600
Subject: A new Enews Signup Request has been submitted
Mime-Version: 1.0
Content-Type: multipart/alternative; boundary=mimepart_4bfff9df85b1b_15f0481b5f1a41f9


--mimepart_4bfff9df85b1b_15f0481b5f1a41f9
Content-Type: text/html; charset=utf-8
Content-Transfer-Encoding: Quoted-printable
Content-Disposition: inline

<!DOCTYPE html PUBLIC "-//W3C//DTD XHTML 1.0 Transitional//EN"
       "http://www.w3.org/TR/xhtml1/DTD/xhtml1-transitional.dtd">

<html xmlns=3D"http://www.w3.org/1999/xhtml" xml:lang=3D"en" lang=3D"en">=

<head>
</head>
<body>
  <p>An Enews Signup Request has been submitted on http://cuesplus.org.  =
It was submitted by Sam Cooper (sam@foo.bar) on Fri May 28, 10:13 AM</p>
  =

  <table callspacin=3D"30">
  =

  <tr>
        <td>organization:</td>
    <td></td>
    =

  </tr>
  =

  <tr>
        <td>phone:</td>
    <td></td>
    =

  </tr>
  =

  <tr>
        <td>currently_a_customer:</td>
    <td>true</td>
    =

  </tr>
  =

  <br />
</body>
</html>

--mimepart_4bfff9df85b1b_15f0481b5f1a41f9--

2010-05-28 11:16:09 INFO Sent mail to 
2010-05-28 11:16:09 DEBUG 
Date: Fri, 28 May 2010 11:16:09 -0600
Subject: A new Enews Signup Request has been submitted
Mime-Version: 1.0
Content-Type: multipart/alternative; boundary=mimepart_4bfffa59deae5_15f04818d4d58496


--mimepart_4bfffa59deae5_15f04818d4d58496
Content-Type: text/html; charset=utf-8
Content-Transfer-Encoding: Quoted-printable
Content-Disposition: inline

<!DOCTYPE html PUBLIC "-//W3C//DTD XHTML 1.0 Transitional//EN"
       "http://www.w3.org/TR/xhtml1/DTD/xhtml1-transitional.dtd">

<html xmlns=3D"http://www.w3.org/1999/xhtml" xml:lang=3D"en" lang=3D"en">=

<head>
</head>
<body>
  <p>An Enews Signup Request has been submitted on .  It was submitted by=
 Sam Cooper (sam@foo.bar) on Fri May 28, 10:16 AM</p>
  =

  <table callspacin=3D"30">
  =

  <tr>
        <td>organization:</td>
    <td></td>
    =

  </tr>
  =

  <tr>
        <td>phone:</td>
    <td></td>
    =

  </tr>
  =

  <tr>
        <td>currently_a_customer:</td>
    <td>true</td>
    =

  </tr>
  =

  <br />
</body>
</html>

--mimepart_4bfffa59deae5_15f04818d4d58496--

2010-05-28 11:17:15 INFO Sent mail to sam@chgworks.com
2010-05-28 11:17:15 DEBUG 
Date: Fri, 28 May 2010 11:17:15 -0600
To: sam@chgworks.com
Subject: A new Enews Signup Request has been submitted
Mime-Version: 1.0
Content-Type: multipart/alternative; boundary=mimepart_4bfffa9b6319f_15f0481967b9475f


--mimepart_4bfffa9b6319f_15f0481967b9475f
Content-Type: text/html; charset=utf-8
Content-Transfer-Encoding: Quoted-printable
Content-Disposition: inline

<!DOCTYPE html PUBLIC "-//W3C//DTD XHTML 1.0 Transitional//EN"
       "http://www.w3.org/TR/xhtml1/DTD/xhtml1-transitional.dtd">

<html xmlns=3D"http://www.w3.org/1999/xhtml" xml:lang=3D"en" lang=3D"en">=

<head>
</head>
<body>
  <p>An Enews Signup Request has been submitted on http://digitu.com.  It=
 was submitted by Sam Cooper (sam@foo.bar) on Fri May 28, 10:17 AM</p>
  =

  <table callspacin=3D"30">
  =

  <tr>
        <td>organization:</td>
    <td></td>
    =

  </tr>
  =

  <tr>
        <td>phone:</td>
    <td></td>
    =

  </tr>
  =

  <tr>
        <td>currently_a_customer:</td>
    <td>false</td>
    =

  </tr>
  =

  <br />
</body>
</html>

--mimepart_4bfffa9b6319f_15f0481967b9475f--

2010-05-28 11:19:53 INFO Sent mail to sam@chgworks.com
2010-05-28 11:19:53 DEBUG 
Date: Fri, 28 May 2010 11:19:53 -0600
To: sam@chgworks.com
Subject: A new Free Trial Request has been submitted
Mime-Version: 1.0
Content-Type: multipart/alternative; boundary=mimepart_4bfffb39afd1b_15f0481a7c1ec106a


--mimepart_4bfffb39afd1b_15f0481a7c1ec106a
Content-Type: text/html; charset=utf-8
Content-Transfer-Encoding: Quoted-printable
Content-Disposition: inline

<!DOCTYPE html PUBLIC "-//W3C//DTD XHTML 1.0 Transitional//EN"
       "http://www.w3.org/TR/xhtml1/DTD/xhtml1-transitional.dtd">

<html xmlns=3D"http://www.w3.org/1999/xhtml" xml:lang=3D"en" lang=3D"en">=

<head>
</head>
<body>
  <p>An Free Trial Request has been submitted on http://cuesplus.org.  It=
 was submitted by Mr. Sam (sam@chgworks.com) on Fri May 28, 10:19 AM</p>
  =

  <table callspacin=3D"30">
  =

  <tr>
        <td align=3D"right">company_name:</td>
    <td>&nbsp;&nbsp;</td>
    <td>adobe</td>
    =

  </tr>
  =

  <tr>
        <td align=3D"right">street_address:</td>
    <td>&nbsp;&nbsp;</td>
    <td>777</td>
    =

  </tr>
  =

  <tr>
        <td align=3D"right">city:</td>
    <td>&nbsp;&nbsp;</td>
    <td>Mead</td>
    =

  </tr>
  =

  <tr>
        <td align=3D"right">state:</td>
    <td>&nbsp;&nbsp;</td>
    <td>WA</td>
    =

  </tr>
  =

  <tr>
        <td align=3D"right">zip:</td>
    <td>&nbsp;&nbsp;</td>
    <td>99021</td>
    =

  </tr>
  =

  <tr>
        <td align=3D"right">country:</td>
    <td>&nbsp;&nbsp;</td>
    <td>USA</td>
    =

  </tr>
  =

  <tr>
        <td align=3D"right">phone:</td>
    <td>&nbsp;&nbsp;</td>
    <td>88888</td>
    =

  </tr>
  =

  <tr>
        <td align=3D"right">number_of_employees:</td>
    <td>&nbsp;&nbsp;</td>
    <td>78</td>
    =

  </tr>
  =

  <tr>
        <td align=3D"right">how_did_you_hear_about_us:</td>
    <td>&nbsp;&nbsp;</td>
    <td>Former Free Trial</td>
    =

  </tr>
  =

  <br />
</body>
</html>

--mimepart_4bfffb39afd1b_15f0481a7c1ec106a--

2010-05-28 11:22:25 INFO Sent mail to 
2010-05-28 11:22:25 DEBUG 
Date: Fri, 28 May 2010 11:22:25 -0600
Subject: A new Free Trial Request has been submitted
Mime-Version: 1.0
Content-Type: multipart/alternative; boundary=mimepart_4bfffbd12b849_15f048186613c131a


--mimepart_4bfffbd12b849_15f048186613c131a
Content-Type: text/html; charset=utf-8
Content-Transfer-Encoding: Quoted-printable
Content-Disposition: inline

<!DOCTYPE html PUBLIC "-//W3C//DTD XHTML 1.0 Transitional//EN"
       "http://www.w3.org/TR/xhtml1/DTD/xhtml1-transitional.dtd">

<html xmlns=3D"http://www.w3.org/1999/xhtml" xml:lang=3D"en" lang=3D"en">=

<head>
</head>
<body>
  <p>An Free Trial Request has been submitted on .  It was submitted by S=
am (asdfsdf) on Fri May 28, 10:22 AM</p>
  =

  <table callspacin=3D"30">
  =

  <tr>
        <td>company_name:</td>
    <td>&nbsp;&nbsp;&nbsp;&nbsp;</td>
    <td>sdfsdf</td>
    =

  </tr>
  =

  <tr>
        <td>street_address:</td>
    <td>&nbsp;&nbsp;&nbsp;&nbsp;</td>
    <td>sadfsadf</td>
    =

  </tr>
  =

  <tr>
        <td>city:</td>
    <td>&nbsp;&nbsp;&nbsp;&nbsp;</td>
    <td>dssasdf</td>
    =

  </tr>
  =

  <tr>
        <td>state:</td>
    <td>&nbsp;&nbsp;&nbsp;&nbsp;</td>
    <td></td>
    =

  </tr>
  =

  <tr>
        <td>zip:</td>
    <td>&nbsp;&nbsp;&nbsp;&nbsp;</td>
    <td></td>
    =

  </tr>
  =

  <tr>
        <td>country:</td>
    <td>&nbsp;&nbsp;&nbsp;&nbsp;</td>
    <td></td>
    =

  </tr>
  =

  <tr>
        <td>phone:</td>
    <td>&nbsp;&nbsp;&nbsp;&nbsp;</td>
    <td></td>
    =

  </tr>
  =

  <tr>
        <td>number_of_employees:</td>
    <td>&nbsp;&nbsp;&nbsp;&nbsp;</td>
    <td>5555</td>
    =

  </tr>
  =

  <tr>
        <td>how_did_you_hear_about_us:</td>
    <td>&nbsp;&nbsp;&nbsp;&nbsp;</td>
    <td>Former Free Trial</td>
    =

  </tr>
  =

  <br />
</body>
</html>

--mimepart_4bfffbd12b849_15f048186613c131a--

2010-05-28 11:24:00 INFO Sent mail to sam@chgworks.com
2010-05-28 11:24:00 DEBUG 
Date: Fri, 28 May 2010 11:24:00 -0600
To: sam@chgworks.com
Subject: A new Free Trial Request has been submitted
Mime-Version: 1.0
Content-Type: multipart/alternative; boundary=mimepart_4bfffc3043ee7_15f048198833016d7


--mimepart_4bfffc3043ee7_15f048198833016d7
Content-Type: text/html; charset=utf-8
Content-Transfer-Encoding: Quoted-printable
Content-Disposition: inline

<!DOCTYPE html PUBLIC "-//W3C//DTD XHTML 1.0 Transitional//EN"
       "http://www.w3.org/TR/xhtml1/DTD/xhtml1-transitional.dtd">

<html xmlns=3D"http://www.w3.org/1999/xhtml" xml:lang=3D"en" lang=3D"en">=

<head>
</head>
<body>
  <p>An Free Trial Request has been submitted on http://cuesplus.org.  It=
 was submitted by asd Sam (hjkkh) on Fri May 28, 10:23 AM</p>
  =

  <table callspacin=3D"30">
  =

  <tr>
        <td>company_name:</td>
    <td>&nbsp;&nbsp;&nbsp;&nbsp;</td>
    <td>khjkh</td>
    =

  </tr>
  =

  <tr>
        <td>street_address:</td>
    <td>&nbsp;&nbsp;&nbsp;&nbsp;</td>
    <td>jkh</td>
    =

  </tr>
  =

  <tr>
        <td>city:</td>
    <td>&nbsp;&nbsp;&nbsp;&nbsp;</td>
    <td>khjkh</td>
    =

  </tr>
  =

  <tr>
        <td>state:</td>
    <td>&nbsp;&nbsp;&nbsp;&nbsp;</td>
    <td>LA</td>
    =

  </tr>
  =

  <tr>
        <td>zip:</td>
    <td>&nbsp;&nbsp;&nbsp;&nbsp;</td>
    <td>khkjh</td>
    =

  </tr>
  =

  <tr>
        <td>country:</td>
    <td>&nbsp;&nbsp;&nbsp;&nbsp;</td>
    <td>jhkhjk</td>
    =

  </tr>
  =

  <tr>
        <td>phone:</td>
    <td>&nbsp;&nbsp;&nbsp;&nbsp;</td>
    <td>hjkhjk</td>
    =

  </tr>
  =

  <tr>
        <td>number_of_employees:</td>
    <td>&nbsp;&nbsp;&nbsp;&nbsp;</td>
    <td>78</td>
    =

  </tr>
  =

  <tr>
        <td>how_did_you_hear_about_us:</td>
    <td>&nbsp;&nbsp;&nbsp;&nbsp;</td>
    <td>Email</td>
    =

  </tr>
  =

  <br />
</body>
</html>

--mimepart_4bfffc3043ee7_15f048198833016d7--

2010-05-28 13:48:39 INFO Sent mail to sam@chgworks.com
2010-05-28 13:48:39 DEBUG 
Date: Fri, 28 May 2010 13:48:39 -0600
To: sam@chgworks.com
Subject: A new Customer Feedback Request has been submitted
Mime-Version: 1.0
Content-Type: multipart/alternative; boundary=mimepart_4c001e17586cb_15f0481b6bae419e


--mimepart_4c001e17586cb_15f0481b6bae419e
Content-Type: text/html; charset=utf-8
Content-Transfer-Encoding: Quoted-printable
Content-Disposition: inline

<!DOCTYPE html PUBLIC "-//W3C//DTD XHTML 1.0 Transitional//EN"
       "http://www.w3.org/TR/xhtml1/DTD/xhtml1-transitional.dtd">

<html xmlns=3D"http://www.w3.org/1999/xhtml" xml:lang=3D"en" lang=3D"en">=

<head>
</head>
<body>
  <p>An Customer Feedback Request has been submitted on http://digitu.com=
.  It was submitted by Sam (asldfjasld) on Fri May 28, 12:48 PM</p>
  =

  <table callspacin=3D"30">
  =

  <tr>
        <td>organization:</td>
    <td>&nbsp;&nbsp;&nbsp;&nbsp;</td>
    <td>alsdjf</td>
    =

  </tr>
  =

  <tr>
        <td>phone:</td>
    <td>&nbsp;&nbsp;&nbsp;&nbsp;</td>
    <td>asldfkj</td>
    =

  </tr>
  =

  <tr>
        <td>be_contacted?:</td>
    <td>&nbsp;&nbsp;&nbsp;&nbsp;</td>
    <td>true</td>
    =

  </tr>
  =

  <br />
</body>
</html>

--mimepart_4c001e17586cb_15f0481b6bae419e--

2010-05-28 13:50:14 INFO Sent mail to sam@chgworks.com
2010-05-28 13:50:14 DEBUG 
Date: Fri, 28 May 2010 13:50:14 -0600
To: sam@chgworks.com
Subject: A new Customer Feedback Request has been submitted
Mime-Version: 1.0
Content-Type: multipart/alternative; boundary=mimepart_4c001e76ae3ab_15f04817c924c222f


--mimepart_4c001e76ae3ab_15f04817c924c222f
Content-Type: text/html; charset=utf-8
Content-Transfer-Encoding: Quoted-printable
Content-Disposition: inline

<!DOCTYPE html PUBLIC "-//W3C//DTD XHTML 1.0 Transitional//EN"
       "http://www.w3.org/TR/xhtml1/DTD/xhtml1-transitional.dtd">

<html xmlns=3D"http://www.w3.org/1999/xhtml" xml:lang=3D"en" lang=3D"en">=

<head>
</head>
<body>
  <p>An Customer Feedback Request has been submitted on http://digitu.com=
.  It was submitted by Sam (sam@chgworks.com) on Fri May 28, 12:50 PM</p>=

  =

  <table callspacin=3D"30">
  =

  <tr>
        <td>organization:</td>
    <td>&nbsp;&nbsp;&nbsp;&nbsp;</td>
    <td>chgworks</td>
    =

  </tr>
  =

  <tr>
        <td>phone:</td>
    <td>&nbsp;&nbsp;&nbsp;&nbsp;</td>
    <td>8888888</td>
    =

  </tr>
  =

  <tr>
        <td>be_contacted?:</td>
    <td>&nbsp;&nbsp;&nbsp;&nbsp;</td>
    <td>true</td>
    =

  </tr>
  =

  <tr>
        <td>feedback:</td>
    <td>&nbsp;&nbsp;&nbsp;&nbsp;</td>
    <td>Pleast get this stuff working.
Out companies livlihood depends upon it!!!!</td>
    =

  </tr>
  =

  <br />
</body>
</html>

--mimepart_4c001e76ae3ab_15f04817c924c222f--

2010-05-28 14:01:49 INFO Sent mail to sam@chgworks.com
2010-05-28 14:01:49 DEBUG 
Date: Fri, 28 May 2010 14:01:49 -0600
To: sam@chgworks.com
Subject: A new Free Trial Request has been submitted
Mime-Version: 1.0
Content-Type: multipart/alternative; boundary=mimepart_4c00212da7332_164a2818e2a841f


--mimepart_4c00212da7332_164a2818e2a841f
Content-Type: text/html; charset=utf-8
Content-Transfer-Encoding: Quoted-printable
Content-Disposition: inline

<!DOCTYPE html PUBLIC "-//W3C//DTD XHTML 1.0 Transitional//EN"
       "http://www.w3.org/TR/xhtml1/DTD/xhtml1-transitional.dtd">

<html xmlns=3D"http://www.w3.org/1999/xhtml" xml:lang=3D"en" lang=3D"en">=

<head>
</head>
<body>
  <p>An Free Trial Request has been submitted on http://digitu.com.  It w=
as submitted by aslkj Sam (asldfkj) on Fri May 28, 01:01 PM</p>
  =

  <table callspacin=3D"30">
  =

  <tr>
        <td>company_name:</td>
    <td>&nbsp;&nbsp;&nbsp;&nbsp;</td>
    <td>alsdkjf</td>
    =

  </tr>
  =

  <tr>
        <td>street_address:</td>
    <td>&nbsp;&nbsp;&nbsp;&nbsp;</td>
    <td>asdlfj</td>
    =

  </tr>
  =

  <tr>
        <td>city:</td>
    <td>&nbsp;&nbsp;&nbsp;&nbsp;</td>
    <td>asdfj</td>
    =

  </tr>
  =

  <tr>
        <td>state:</td>
    <td>&nbsp;&nbsp;&nbsp;&nbsp;</td>
    <td>AL</td>
    =

  </tr>
  =

  <tr>
        <td>zip:</td>
    <td>&nbsp;&nbsp;&nbsp;&nbsp;</td>
    <td>alsdkfj</td>
    =

  </tr>
  =

  <tr>
        <td>country:</td>
    <td>&nbsp;&nbsp;&nbsp;&nbsp;</td>
    <td>asldfj</td>
    =

  </tr>
  =

  <tr>
        <td>phone:</td>
    <td>&nbsp;&nbsp;&nbsp;&nbsp;</td>
    <td>asldfkj</td>
    =

  </tr>
  =

  <tr>
        <td>number_of_employees:</td>
    <td>&nbsp;&nbsp;&nbsp;&nbsp;</td>
    <td>8888</td>
    =

  </tr>
  =

  <tr>
        <td>how_did_you_hear_about_us:</td>
    <td>&nbsp;&nbsp;&nbsp;&nbsp;</td>
    <td>Email</td>
    =

  </tr>
  =

  <br />
</body>
</html>

--mimepart_4c00212da7332_164a2818e2a841f--

2010-05-28 14:04:08 INFO Sent mail to sam@chgworks.com
2010-05-28 14:04:08 DEBUG 
Date: Fri, 28 May 2010 14:04:08 -0600
To: sam@chgworks.com
Subject: A new Enews Signup Request has been submitted
Mime-Version: 1.0
Content-Type: multipart/alternative; boundary=mimepart_4c0021b837238_164a281a8f5e4466


--mimepart_4c0021b837238_164a281a8f5e4466
Content-Type: text/html; charset=utf-8
Content-Transfer-Encoding: Quoted-printable
Content-Disposition: inline

<!DOCTYPE html PUBLIC "-//W3C//DTD XHTML 1.0 Transitional//EN"
       "http://www.w3.org/TR/xhtml1/DTD/xhtml1-transitional.dtd">

<html xmlns=3D"http://www.w3.org/1999/xhtml" xml:lang=3D"en" lang=3D"en">=

<head>
</head>
<body>
  <p>A Enews Signup Request has been submitted on http://digitu.com.  It =
was submitted by mr. Sam Cooper (sam@foo.bar) on Fri May 28, 01:04 PM</p>=

  =

  <table callspacin=3D"30">
  =

  <tr>
        <td>organization:</td>
    <td>&nbsp;&nbsp;&nbsp;&nbsp;</td>
    <td>uuuuu</td>
    =

  </tr>
  =

  <tr>
        <td>phone:</td>
    <td>&nbsp;&nbsp;&nbsp;&nbsp;</td>
    <td>88888</td>
    =

  </tr>
  =

  <tr>
        <td>currently_a_customer:</td>
    <td>&nbsp;&nbsp;&nbsp;&nbsp;</td>
    <td>true</td>
    =

  </tr>
  =

  <br />
</body>
</html>

--mimepart_4c0021b837238_164a281a8f5e4466--

2010-06-10 10:37:00 INFO Sent mail to 
2010-06-10 10:37:00 DEBUG 
Date: Thu, 10 Jun 2010 10:37:00 -0600
Subject: A new  Request has been submitted
Mime-Version: 1.0
Content-Type: multipart/alternative; boundary=mimepart_4c1114ac81ab9_18fb818bb2e01ca


--mimepart_4c1114ac81ab9_18fb818bb2e01ca
Content-Type: text/html; charset=utf-8
Content-Transfer-Encoding: Quoted-printable
Content-Disposition: inline

<!DOCTYPE html PUBLIC "-//W3C//DTD XHTML 1.0 Transitional//EN"
       "http://www.w3.org/TR/xhtml1/DTD/xhtml1-transitional.dtd">

<html xmlns=3D"http://www.w3.org/1999/xhtml" xml:lang=3D"en" lang=3D"en">=

<head>
</head>
<body>
  <p>A  Request has been submitted on http://digitu.com.  It was submitte=
d by foo foo (foo@costco.com) on Thu Jun 10, 09:36 AM</p>
  =

  <table callspacin=3D"30">
  =

  <tr>
        <td>company_name:</td>
    <td>&nbsp;&nbsp;&nbsp;&nbsp;</td>
    <td>foo</td>
    =

  </tr>
  =

  <tr>
        <td>street_address:</td>
    <td>&nbsp;&nbsp;&nbsp;&nbsp;</td>
    <td>foo</td>
    =

  </tr>
  =

  <tr>
        <td>city:</td>
    <td>&nbsp;&nbsp;&nbsp;&nbsp;</td>
    <td>foo</td>
    =

  </tr>
  =

  <tr>
        <td>state:</td>
    <td>&nbsp;&nbsp;&nbsp;&nbsp;</td>
    <td></td>
    =

  </tr>
  =

  <tr>
        <td>zip:</td>
    <td>&nbsp;&nbsp;&nbsp;&nbsp;</td>
    <td>foo</td>
    =

  </tr>
  =

  <tr>
        <td>country:</td>
    <td>&nbsp;&nbsp;&nbsp;&nbsp;</td>
    <td>foo</td>
    =

  </tr>
  =

  <tr>
        <td>phone:</td>
    <td>&nbsp;&nbsp;&nbsp;&nbsp;</td>
    <td>foo</td>
    =

  </tr>
  =

  <tr>
        <td>number_of_employees:</td>
    <td>&nbsp;&nbsp;&nbsp;&nbsp;</td>
    <td>4</td>
    =

  </tr>
  =

  <tr>
        <td>how_did_you_hear_about_us:</td>
    <td>&nbsp;&nbsp;&nbsp;&nbsp;</td>
    <td></td>
    =

  </tr>
  =

  <br />
</body>
</html>

--mimepart_4c1114ac81ab9_18fb818bb2e01ca--

2010-06-10 10:40:57 INFO Sent mail to 
2010-06-10 10:40:57 DEBUG 
Date: Thu, 10 Jun 2010 10:40:57 -0600
Subject: A new  Request has been submitted
Mime-Version: 1.0
Content-Type: multipart/alternative; boundary=mimepart_4c111599166e2_18fb8185c4e8411


--mimepart_4c111599166e2_18fb8185c4e8411
Content-Type: text/html; charset=utf-8
Content-Transfer-Encoding: Quoted-printable
Content-Disposition: inline

<!DOCTYPE html PUBLIC "-//W3C//DTD XHTML 1.0 Transitional//EN"
       "http://www.w3.org/TR/xhtml1/DTD/xhtml1-transitional.dtd">

<html xmlns=3D"http://www.w3.org/1999/xhtml" xml:lang=3D"en" lang=3D"en">=

<head>
</head>
<body>
  <p>A  Request has been submitted on http://digitu.com.  It was submitte=
d by foo foo (foo@costco.com) on Thu Jun 10, 09:40 AM</p>
  =

  <table callspacin=3D"30">
  =

  <tr>
        <td>company_name:</td>
    <td>&nbsp;&nbsp;&nbsp;&nbsp;</td>
    <td>for</td>
    =

  </tr>
  =

  <tr>
        <td>street_address:</td>
    <td>&nbsp;&nbsp;&nbsp;&nbsp;</td>
    <td>for</td>
    =

  </tr>
  =

  <tr>
        <td>city:</td>
    <td>&nbsp;&nbsp;&nbsp;&nbsp;</td>
    <td>for</td>
    =

  </tr>
  =

  <tr>
        <td>state:</td>
    <td>&nbsp;&nbsp;&nbsp;&nbsp;</td>
    <td></td>
    =

  </tr>
  =

  <tr>
        <td>zip:</td>
    <td>&nbsp;&nbsp;&nbsp;&nbsp;</td>
    <td>for</td>
    =

  </tr>
  =

  <tr>
        <td>country:</td>
    <td>&nbsp;&nbsp;&nbsp;&nbsp;</td>
    <td>for</td>
    =

  </tr>
  =

  <tr>
        <td>phone:</td>
    <td>&nbsp;&nbsp;&nbsp;&nbsp;</td>
    <td>for</td>
    =

  </tr>
  =

  <tr>
        <td>number_of_employees:</td>
    <td>&nbsp;&nbsp;&nbsp;&nbsp;</td>
    <td>2</td>
    =

  </tr>
  =

  <tr>
        <td>how_did_you_hear_about_us:</td>
    <td>&nbsp;&nbsp;&nbsp;&nbsp;</td>
    <td></td>
    =

  </tr>
  =

  <br />
</body>
</html>

--mimepart_4c111599166e2_18fb8185c4e8411--

2010-06-10 10:44:47 INFO Sent mail to 
2010-06-10 10:44:47 DEBUG 
Date: Thu, 10 Jun 2010 10:44:47 -0600
Subject: A new Customer Feedback Request has been submitted
Mime-Version: 1.0
Content-Type: multipart/alternative; boundary=mimepart_4c11167fbc234_18fb817b3974763


--mimepart_4c11167fbc234_18fb817b3974763
Content-Type: text/html; charset=utf-8
Content-Transfer-Encoding: Quoted-printable
Content-Disposition: inline

<!DOCTYPE html PUBLIC "-//W3C//DTD XHTML 1.0 Transitional//EN"
       "http://www.w3.org/TR/xhtml1/DTD/xhtml1-transitional.dtd">

<html xmlns=3D"http://www.w3.org/1999/xhtml" xml:lang=3D"en" lang=3D"en">=

<head>
</head>
<body>
  <p>A Customer Feedback Request has been submitted on http://digitu.com.=
  It was submitted by foo (foo@bar.com) on Thu Jun 10, 09:44 AM</p>
  =

  <table callspacin=3D"30">
  =

  <tr>
        <td>organization:</td>
    <td>&nbsp;&nbsp;&nbsp;&nbsp;</td>
    <td>foo</td>
    =

  </tr>
  =

  <tr>
        <td>phone:</td>
    <td>&nbsp;&nbsp;&nbsp;&nbsp;</td>
    <td>foo</td>
    =

  </tr>
  =

  <tr>
        <td>be_contacted?:</td>
    <td>&nbsp;&nbsp;&nbsp;&nbsp;</td>
    <td>true</td>
    =

  </tr>
  =

  <tr>
        <td>feedback:</td>
    <td>&nbsp;&nbsp;&nbsp;&nbsp;</td>
    <td>fooasdls
sdlfj
asjklsljlsd
sadlfjsladf</td>
    =

  </tr>
  =

  <br />
</body>
</html>

--mimepart_4c11167fbc234_18fb817b3974763--

2010-06-10 10:48:17 INFO Sent mail to 
2010-06-10 10:48:17 DEBUG 
Date: Thu, 10 Jun 2010 10:48:17 -0600
Subject: A new  Request has been submitted
Mime-Version: 1.0
Content-Type: multipart/alternative; boundary=mimepart_4c111751ce817_18fb817c4cc410a4


--mimepart_4c111751ce817_18fb817c4cc410a4
Content-Type: text/html; charset=utf-8
Content-Transfer-Encoding: Quoted-printable
Content-Disposition: inline

<!DOCTYPE html PUBLIC "-//W3C//DTD XHTML 1.0 Transitional//EN"
       "http://www.w3.org/TR/xhtml1/DTD/xhtml1-transitional.dtd">

<html xmlns=3D"http://www.w3.org/1999/xhtml" xml:lang=3D"en" lang=3D"en">=

<head>
</head>
<body>
  <p>A  Request has been submitted on http://digitu.com.  It was submitte=
d by foo foo (foo@bar.com) on Thu Jun 10, 09:48 AM</p>
  =

  <table callspacin=3D"30">
  =

  <tr>
        <td>company_name:</td>
    <td>&nbsp;&nbsp;&nbsp;&nbsp;</td>
    <td>foo</td>
    =

  </tr>
  =

  <tr>
        <td>street_address:</td>
    <td>&nbsp;&nbsp;&nbsp;&nbsp;</td>
    <td>foo</td>
    =

  </tr>
  =

  <tr>
        <td>city:</td>
    <td>&nbsp;&nbsp;&nbsp;&nbsp;</td>
    <td>foo</td>
    =

  </tr>
  =

  <tr>
        <td>state:</td>
    <td>&nbsp;&nbsp;&nbsp;&nbsp;</td>
    <td></td>
    =

  </tr>
  =

  <tr>
        <td>zip:</td>
    <td>&nbsp;&nbsp;&nbsp;&nbsp;</td>
    <td>foo</td>
    =

  </tr>
  =

  <tr>
        <td>country:</td>
    <td>&nbsp;&nbsp;&nbsp;&nbsp;</td>
    <td>foo</td>
    =

  </tr>
  =

  <tr>
        <td>phone:</td>
    <td>&nbsp;&nbsp;&nbsp;&nbsp;</td>
    <td>foo</td>
    =

  </tr>
  =

  <tr>
        <td>number_of_employees:</td>
    <td>&nbsp;&nbsp;&nbsp;&nbsp;</td>
    <td>3</td>
    =

  </tr>
  =

  <tr>
        <td>how_did_you_hear_about_us:</td>
    <td>&nbsp;&nbsp;&nbsp;&nbsp;</td>
    <td></td>
    =

  </tr>
  =

  <br />
</body>
</html>

--mimepart_4c111751ce817_18fb817c4cc410a4--

2010-06-10 10:49:30 INFO Sent mail to sam@chgworks.com
2010-06-10 10:49:30 DEBUG 
Date: Thu, 10 Jun 2010 10:49:30 -0600
To: sam@chgworks.com
Subject: A new  Request has been submitted
Mime-Version: 1.0
Content-Type: multipart/alternative; boundary=mimepart_4c11179a23ab9_18fb817e0b4013a


--mimepart_4c11179a23ab9_18fb817e0b4013a
Content-Type: text/html; charset=utf-8
Content-Transfer-Encoding: Quoted-printable
Content-Disposition: inline

<!DOCTYPE html PUBLIC "-//W3C//DTD XHTML 1.0 Transitional//EN"
       "http://www.w3.org/TR/xhtml1/DTD/xhtml1-transitional.dtd">

<html xmlns=3D"http://www.w3.org/1999/xhtml" xml:lang=3D"en" lang=3D"en">=

<head>
</head>
<body>
  <p>A  Request has been submitted on http://digitu.com.  It was submitte=
d by foo foo (foo@gmail.com) on Thu Jun 10, 09:49 AM</p>
  =

  <table callspacin=3D"30">
  =

  <tr>
        <td>company_name:</td>
    <td>&nbsp;&nbsp;&nbsp;&nbsp;</td>
    <td>foo</td>
    =

  </tr>
  =

  <tr>
        <td>street_address:</td>
    <td>&nbsp;&nbsp;&nbsp;&nbsp;</td>
    <td>foo</td>
    =

  </tr>
  =

  <tr>
        <td>city:</td>
    <td>&nbsp;&nbsp;&nbsp;&nbsp;</td>
    <td>foo</td>
    =

  </tr>
  =

  <tr>
        <td>state:</td>
    <td>&nbsp;&nbsp;&nbsp;&nbsp;</td>
    <td></td>
    =

  </tr>
  =

  <tr>
        <td>zip:</td>
    <td>&nbsp;&nbsp;&nbsp;&nbsp;</td>
    <td>foo</td>
    =

  </tr>
  =

  <tr>
        <td>country:</td>
    <td>&nbsp;&nbsp;&nbsp;&nbsp;</td>
    <td>foo</td>
    =

  </tr>
  =

  <tr>
        <td>phone:</td>
    <td>&nbsp;&nbsp;&nbsp;&nbsp;</td>
    <td>foo</td>
    =

  </tr>
  =

  <tr>
        <td>number_of_employees:</td>
    <td>&nbsp;&nbsp;&nbsp;&nbsp;</td>
    <td>4</td>
    =

  </tr>
  =

  <tr>
        <td>how_did_you_hear_about_us:</td>
    <td>&nbsp;&nbsp;&nbsp;&nbsp;</td>
    <td></td>
    =

  </tr>
  =

  <br />
</body>
</html>

--mimepart_4c11179a23ab9_18fb817e0b4013a--

2010-06-10 11:12:15 INFO Sent mail to sam@chgworks.com
2010-06-10 11:12:15 DEBUG 
Date: Thu, 10 Jun 2010 11:12:15 -0600
To: sam@chgworks.com
Subject: A new Customer Feedback Request has been submitted
Mime-Version: 1.0
Content-Type: multipart/alternative; boundary=mimepart_4c111cefb2d00_18fb81948118165e


--mimepart_4c111cefb2d00_18fb81948118165e
Content-Type: text/html; charset=utf-8
Content-Transfer-Encoding: Quoted-printable
Content-Disposition: inline

<!DOCTYPE html PUBLIC "-//W3C//DTD XHTML 1.0 Transitional//EN"
       "http://www.w3.org/TR/xhtml1/DTD/xhtml1-transitional.dtd">

<html xmlns=3D"http://www.w3.org/1999/xhtml" xml:lang=3D"en" lang=3D"en">=

<head>
</head>
<body>
  <p>A Customer Feedback Request has been submitted on http://digitu.com.=
  It was submitted by foo (foo@bar.com) on Thu Jun 10, 10:12 AM</p>
  =

  <table callspacin=3D"30">
  =

  <tr>
        <td>organization:</td>
    <td>&nbsp;&nbsp;&nbsp;&nbsp;</td>
    <td>foo</td>
    =

  </tr>
  =

  <tr>
        <td>phone:</td>
    <td>&nbsp;&nbsp;&nbsp;&nbsp;</td>
    <td>foo</td>
    =

  </tr>
  =

  <tr>
        <td>be_contacted?:</td>
    <td>&nbsp;&nbsp;&nbsp;&nbsp;</td>
    <td>true</td>
    =

  </tr>
  =

  <tr>
        <td>feedback:</td>
    <td>&nbsp;&nbsp;&nbsp;&nbsp;</td>
    <td>slfjlk
aslfja
sdfjslajslkd
saldfjlksadkf
sd
sd
ssdjksdlsjdklfsdf</td>
    =

  </tr>
  =

  <br />
</body>
</html>

--mimepart_4c111cefb2d00_18fb81948118165e--

2010-06-10 11:16:23 INFO Sent mail to sam@chgworks.com
2010-06-10 11:16:23 DEBUG 
Date: Thu, 10 Jun 2010 11:16:23 -0600
To: sam@chgworks.com
Subject: A new  Request has been submitted
Mime-Version: 1.0
Content-Type: multipart/alternative; boundary=mimepart_4c111de7eafe8_18fb818c9ea819d9


--mimepart_4c111de7eafe8_18fb818c9ea819d9
Content-Type: text/html; charset=utf-8
Content-Transfer-Encoding: Quoted-printable
Content-Disposition: inline

<!DOCTYPE html PUBLIC "-//W3C//DTD XHTML 1.0 Transitional//EN"
       "http://www.w3.org/TR/xhtml1/DTD/xhtml1-transitional.dtd">

<html xmlns=3D"http://www.w3.org/1999/xhtml" xml:lang=3D"en" lang=3D"en">=

<head>
</head>
<body>
  <p>A  Request has been submitted on http://digitu.com.  It was submitte=
d by foo foo (foo@bar.com) on Thu Jun 10, 10:16 AM</p>
  =

  <table callspacin=3D"30">
  =

  <tr>
        <td>company_name:</td>
    <td>&nbsp;&nbsp;&nbsp;&nbsp;</td>
    <td>foo</td>
    =

  </tr>
  =

  <tr>
        <td>street_address:</td>
    <td>&nbsp;&nbsp;&nbsp;&nbsp;</td>
    <td>foo</td>
    =

  </tr>
  =

  <tr>
        <td>city:</td>
    <td>&nbsp;&nbsp;&nbsp;&nbsp;</td>
    <td>foo</td>
    =

  </tr>
  =

  <tr>
        <td>state:</td>
    <td>&nbsp;&nbsp;&nbsp;&nbsp;</td>
    <td></td>
    =

  </tr>
  =

  <tr>
        <td>zip:</td>
    <td>&nbsp;&nbsp;&nbsp;&nbsp;</td>
    <td>foo</td>
    =

  </tr>
  =

  <tr>
        <td>country:</td>
    <td>&nbsp;&nbsp;&nbsp;&nbsp;</td>
    <td>foo</td>
    =

  </tr>
  =

  <tr>
        <td>phone:</td>
    <td>&nbsp;&nbsp;&nbsp;&nbsp;</td>
    <td>foo</td>
    =

  </tr>
  =

  <tr>
        <td>number_of_employees:</td>
    <td>&nbsp;&nbsp;&nbsp;&nbsp;</td>
    <td>67</td>
    =

  </tr>
  =

  <tr>
        <td>how_did_you_hear_about_us:</td>
    <td>&nbsp;&nbsp;&nbsp;&nbsp;</td>
    <td>E*news</td>
    =

  </tr>
  =

  <br />
</body>
</html>

--mimepart_4c111de7eafe8_18fb818c9ea819d9--

2010-06-10 11:18:40 INFO Sent mail to sam@chgworks.com
2010-06-10 11:18:40 DEBUG 
Date: Thu, 10 Jun 2010 11:18:40 -0600
To: sam@chgworks.com
Subject: A new  Request has been submitted
Mime-Version: 1.0
Content-Type: multipart/alternative; boundary=mimepart_4c111e708b4e0_18fb818c44f8226a


--mimepart_4c111e708b4e0_18fb818c44f8226a
Content-Type: text/html; charset=utf-8
Content-Transfer-Encoding: Quoted-printable
Content-Disposition: inline

<!DOCTYPE html PUBLIC "-//W3C//DTD XHTML 1.0 Transitional//EN"
       "http://www.w3.org/TR/xhtml1/DTD/xhtml1-transitional.dtd">

<html xmlns=3D"http://www.w3.org/1999/xhtml" xml:lang=3D"en" lang=3D"en">=

<head>
</head>
<body>
  <p>A  Request has been submitted on http://digitu.com.  It was submitte=
d by ifi fii (foo@goo.com) on Thu Jun 10, 10:18 AM</p>
  =

  <table callspacin=3D"30">
  =

  <tr>
        <td>organization:</td>
    <td>&nbsp;&nbsp;&nbsp;&nbsp;</td>
    <td>foo</td>
    =

  </tr>
  =

  <tr>
        <td>phone:</td>
    <td>&nbsp;&nbsp;&nbsp;&nbsp;</td>
    <td>foo</td>
    =

  </tr>
  =

  <tr>
        <td>currently_a_customer:</td>
    <td>&nbsp;&nbsp;&nbsp;&nbsp;</td>
    <td>true</td>
    =

  </tr>
  =

  <br />
</body>
</html>

--mimepart_4c111e708b4e0_18fb818c44f8226a--

2010-06-10 12:26:04 INFO Sent mail to 
2010-06-10 12:26:04 DEBUG 
Date: Thu, 10 Jun 2010 12:26:04 -0600
Subject: A new Enews Signup Request has been submitted
Mime-Version: 1.0
Content-Type: multipart/alternative; boundary=mimepart_4c112e3cb6e1b_18fb8186de8c2577


--mimepart_4c112e3cb6e1b_18fb8186de8c2577
Content-Type: text/html; charset=utf-8
Content-Transfer-Encoding: Quoted-printable
Content-Disposition: inline

<!DOCTYPE html PUBLIC "-//W3C//DTD XHTML 1.0 Transitional//EN"
       "http://www.w3.org/TR/xhtml1/DTD/xhtml1-transitional.dtd">

<html xmlns=3D"http://www.w3.org/1999/xhtml" xml:lang=3D"en" lang=3D"en">=

<head>
</head>
<body>
  <p>A Enews Signup Request has been submitted on .  It was submitted by =
hh dd (foo@bar.com) on Thu Jun 10, 11:26 AM</p>
  =

  <table callspacin=3D"30">
  =

  <tr>
        <td>organization:</td>
    <td>&nbsp;&nbsp;&nbsp;&nbsp;</td>
    <td>MetLife Bank</td>
    =

  </tr>
  =

  <tr>
        <td>phone:</td>
    <td>&nbsp;&nbsp;&nbsp;&nbsp;</td>
    <td>hh</td>
    =

  </tr>
  =

  <tr>
        <td>currently_a_customer:</td>
    <td>&nbsp;&nbsp;&nbsp;&nbsp;</td>
    <td>true</td>
    =

  </tr>
  =

  <br />
</body>
</html>

--mimepart_4c112e3cb6e1b_18fb8186de8c2577--

2010-06-10 12:28:10 INFO Sent mail to 
2010-06-10 12:28:10 DEBUG 
Date: Thu, 10 Jun 2010 12:28:10 -0600
Subject: A new Customer Feedback Request has been submitted
Mime-Version: 1.0
Content-Type: multipart/alternative; boundary=mimepart_4c112eba6a90a_18fb81ae0214281a


--mimepart_4c112eba6a90a_18fb81ae0214281a
Content-Type: text/html; charset=utf-8
Content-Transfer-Encoding: Quoted-printable
Content-Disposition: inline

<!DOCTYPE html PUBLIC "-//W3C//DTD XHTML 1.0 Transitional//EN"
       "http://www.w3.org/TR/xhtml1/DTD/xhtml1-transitional.dtd">

<html xmlns=3D"http://www.w3.org/1999/xhtml" xml:lang=3D"en" lang=3D"en">=

<head>
</head>
<body>
  <p>A Customer Feedback Request has been submitted on .  It was submitte=
d by Samm   (sam@bar.com) on Thu Jun 10, 11:28 AM</p>
  =

  <table callspacin=3D"30">
  =

  <tr>
        <td>organization:</td>
    <td>&nbsp;&nbsp;&nbsp;&nbsp;</td>
    <td>MetLife Bank</td>
    =

  </tr>
  =

  <tr>
        <td>phone:</td>
    <td>&nbsp;&nbsp;&nbsp;&nbsp;</td>
    <td>444</td>
    =

  </tr>
  =

  <tr>
        <td>be_contacted?:</td>
    <td>&nbsp;&nbsp;&nbsp;&nbsp;</td>
    <td>true</td>
    =

  </tr>
  =

  <tr>
        <td>feedback:</td>
    <td>&nbsp;&nbsp;&nbsp;&nbsp;</td>
    <td>asdfasfjhasfd
aslsa
sadhflksajfdljsdf
asdfasjdf
asljlfds</td>
    =

  </tr>
  =

  <br />
</body>
</html>

--mimepart_4c112eba6a90a_18fb81ae0214281a--

2010-06-10 12:47:39 INFO Sent mail to sam@chgworks.com
2010-06-10 12:47:39 DEBUG 
Date: Thu, 10 Jun 2010 12:47:39 -0600
To: sam@chgworks.com
Subject: A new Customer Feedback Request has been submitted
Mime-Version: 1.0
Content-Type: multipart/alternative; boundary=mimepart_4c11334bc2861_1cb481896030176


--mimepart_4c11334bc2861_1cb481896030176
Content-Type: text/html; charset=utf-8
Content-Transfer-Encoding: Quoted-printable
Content-Disposition: inline

<!DOCTYPE html PUBLIC "-//W3C//DTD XHTML 1.0 Transitional//EN"
       "http://www.w3.org/TR/xhtml1/DTD/xhtml1-transitional.dtd">

<html xmlns=3D"http://www.w3.org/1999/xhtml" xml:lang=3D"en" lang=3D"en">=

<head>
</head>
<body>
  <p>A Customer Feedback Request has been submitted on http://digitu.com.=
  It was submitted by Sam (sam@bar.com) on Thu Jun 10, 11:47 AM</p>
  =

  <table callspacin=3D"30">
  =

  <tr>
        <td>organization:</td>
    <td>&nbsp;&nbsp;&nbsp;&nbsp;</td>
    <td>MetLife Bank</td>
    =

  </tr>
  =

  <tr>
        <td>phone:</td>
    <td>&nbsp;&nbsp;&nbsp;&nbsp;</td>
    <td>747747</td>
    =

  </tr>
  =

  <tr>
        <td>be_contacted?:</td>
    <td>&nbsp;&nbsp;&nbsp;&nbsp;</td>
    <td>true</td>
    =

  </tr>
  =

  <tr>
        <td>feedback:</td>
    <td>&nbsp;&nbsp;&nbsp;&nbsp;</td>
    <td>asldfj
asdfjslkajlfdsa
sdjflsdaljkdjflk
askjsdalksdjksadl;</td>
    =

  </tr>
  =

  <br />
</body>
</html>

--mimepart_4c11334bc2861_1cb481896030176--

2010-06-11 10:13:12 INFO Sent mail to sam@chgworks.com
2010-06-11 10:13:12 DEBUG 
Date: Fri, 11 Jun 2010 10:13:12 -0600
To: sam@chgworks.com
Subject: A new Free Trial Request has been submitted
Mime-Version: 1.0
Content-Type: multipart/alternative; boundary=mimepart_4c126098936b6_4a8b818219b01ac


--mimepart_4c126098936b6_4a8b818219b01ac
Content-Type: text/html; charset=utf-8
Content-Transfer-Encoding: Quoted-printable
Content-Disposition: inline

<!DOCTYPE html PUBLIC "-//W3C//DTD XHTML 1.0 Transitional//EN"
       "http://www.w3.org/TR/xhtml1/DTD/xhtml1-transitional.dtd">

<html xmlns=3D"http://www.w3.org/1999/xhtml" xml:lang=3D"en" lang=3D"en">=

<head>
</head>
<body>
  <p>A Free Trial Request has been submitted on http://digitu.com.  It wa=
s submitted by foo foo (sam@chgworks.com) on Fri Jun 11, 09:13 AM</p>
  =

  <table callspacin=3D"30">
  =

  <tr>
        <td>company_name:</td>
    <td>&nbsp;&nbsp;&nbsp;&nbsp;</td>
    <td>foo</td>
    =

  </tr>
  =

  <tr>
        <td>street_address:</td>
    <td>&nbsp;&nbsp;&nbsp;&nbsp;</td>
    <td>foo</td>
    =

  </tr>
  =

  <tr>
        <td>city:</td>
    <td>&nbsp;&nbsp;&nbsp;&nbsp;</td>
    <td>foo</td>
    =

  </tr>
  =

  <tr>
        <td>state:</td>
    <td>&nbsp;&nbsp;&nbsp;&nbsp;</td>
    <td></td>
    =

  </tr>
  =

  <tr>
        <td>zip:</td>
    <td>&nbsp;&nbsp;&nbsp;&nbsp;</td>
    <td>foo</td>
    =

  </tr>
  =

  <tr>
        <td>country:</td>
    <td>&nbsp;&nbsp;&nbsp;&nbsp;</td>
    <td>foo</td>
    =

  </tr>
  =

  <tr>
        <td>phone:</td>
    <td>&nbsp;&nbsp;&nbsp;&nbsp;</td>
    <td>565</td>
    =

  </tr>
  =

  <tr>
        <td>number_of_employees:</td>
    <td>&nbsp;&nbsp;&nbsp;&nbsp;</td>
    <td>57</td>
    =

  </tr>
  =

  <tr>
        <td>how_did_you_hear_about_us:</td>
    <td>&nbsp;&nbsp;&nbsp;&nbsp;</td>
    <td>Email</td>
    =

  </tr>
  =

  <br />
</body>
</html>

--mimepart_4c126098936b6_4a8b818219b01ac--

2010-07-13 07:38:58 INFO Sent mail to sam@chgworks.com
2010-07-13 07:38:58 DEBUG 
Date: Tue, 13 Jul 2010 07:38:58 -0600
To: sam@chgworks.com
Subject: A new Customer Feedback Request has been submitted
Mime-Version: 1.0
Content-Type: multipart/alternative; boundary=mimepart_4c3c6c7241f01_f0381a236a0138


--mimepart_4c3c6c7241f01_f0381a236a0138
Content-Type: text/html; charset=utf-8
Content-Transfer-Encoding: Quoted-printable
Content-Disposition: inline

<!DOCTYPE html PUBLIC "-//W3C//DTD XHTML 1.0 Transitional//EN"
       "http://www.w3.org/TR/xhtml1/DTD/xhtml1-transitional.dtd">

<html xmlns=3D"http://www.w3.org/1999/xhtml" xml:lang=3D"en" lang=3D"en">=

<head>
</head>
<body>
  <p>A Customer Feedback Request has been submitted on http://www.energym=
anagementu.com.  It was submitted by Joe (sam@chgworks.com) on Tue Jul 13=
, 06:38 AM</p>
  =

  <table callspacin=3D"30">
  =

  <tr>
        <td>organization:</td>
    <td>&nbsp;&nbsp;&nbsp;&nbsp;</td>
    <td>Shep</td>
    =

  </tr>
  =

  <tr>
        <td>phone:</td>
    <td>&nbsp;&nbsp;&nbsp;&nbsp;</td>
    <td>88888</td>
    =

  </tr>
  =

  <tr>
        <td>be_contacted?:</td>
    <td>&nbsp;&nbsp;&nbsp;&nbsp;</td>
    <td>true</td>
    =

  </tr>
  =

  <tr>
        <td>feedback:</td>
    <td>&nbsp;&nbsp;&nbsp;&nbsp;</td>
    <td>sal asldjf as
sadfljsaldfjsdaklsd lskljsdkl s lsksdl sdlls
slsdjlf slsdlk sldf</td>
    =

  </tr>
  =

  <br />
</body>
</html>

--mimepart_4c3c6c7241f01_f0381a236a0138--

2010-07-27 13:30:45 INFO Sent mail to sam@chgworks.com
2010-07-27 13:30:46 DEBUG 
Date: Tue, 27 Jul 2010 13:30:44 -0600
To: sam@chgworks.com
Subject: A new Customer Feedback Request has been submitted
Mime-Version: 1.0
Content-Type: multipart/alternative; boundary=mimepart_4c4f33e63a4b_6cb881b532281ba


--mimepart_4c4f33e63a4b_6cb881b532281ba
Content-Type: text/html; charset=utf-8
Content-Transfer-Encoding: Quoted-printable
Content-Disposition: inline

<!DOCTYPE html PUBLIC "-//W3C//DTD XHTML 1.0 Transitional//EN"
       "http://www.w3.org/TR/xhtml1/DTD/xhtml1-transitional.dtd">

<html xmlns=3D"http://www.w3.org/1999/xhtml" xml:lang=3D"en" lang=3D"en">=

<head>
</head>
<body>
  <p>A Customer Feedback Request has been submitted on http://www.nascuso=
nline.org.  It was submitted by Someone (foo@bar.com) on Tue Jul 27, 12:3=
0 PM</p>
  =

  <table callspacin=3D"30">
  =

  <tr>
        <td>organization:</td>
    <td>&nbsp;&nbsp;&nbsp;&nbsp;</td>
    <td>NASCUS Online University</td>
    =

  </tr>
  =

  <tr>
        <td>phone:</td>
    <td>&nbsp;&nbsp;&nbsp;&nbsp;</td>
    <td>88888888</td>
    =

  </tr>
  =

  <tr>
        <td>be_contacted?:</td>
    <td>&nbsp;&nbsp;&nbsp;&nbsp;</td>
    <td>true</td>
    =

  </tr>
  =

  <tr>
        <td>feedback:</td>
    <td>&nbsp;&nbsp;&nbsp;&nbsp;</td>
    <td>lsfdjlks dlsadfj klasdfj kslfj klsdfj klsadfj ksladf jksldf jksld=
fj skldfs jklsdfj ksldf jksadf
a

saldfjsa

sadlfjlskadfjsdlsdlkjksdj;df</td>
    =

  </tr>
  =

  <br />
</body>
</html>

--mimepart_4c4f33e63a4b_6cb881b532281ba--

