# Logfile created on Fri Oct 08 10:25:42 -0600 2010  [4;36;1mSQL (0.1ms)[0m   [0;1mSET NAMES 'utf8'[0m
  [4;35;1mSQL (0.1ms)[0m   [0mSET SQL_AUTO_IS_NULL=0[0m


Processing HomeController#index (for 127.0.0.1 at 2010-10-08 10:25:47) [GET]
  Parameters: {"action"=>"index", "controller"=>"home"}
  [4;36;1mSite Columns (1.3ms)[0m   [0;1mSHOW FIELDS FROM `sites`[0m
  [4;35;1mSite Load (0.4ms)[0m   [0mSELECT * FROM `sites` WHERE (`sites`.`name` = 'siteB') ORDER BY name LIMIT 1[0m
  [4;36;1mUser Columns (1.4ms)[0m   [0;1mSHOW FIELDS FROM `users`[0m
  [4;35;1mPage Columns (1.1ms)[0m   [0mSHOW FIELDS FROM `pages`[0m
  [4;36;1mPage Load (0.2ms)[0m   [0;1mSELECT * FROM `pages` WHERE (`pages`.`name` = 'index') ORDER BY name LIMIT 1[0m
  [4;35;1mPagesSite Load (0.3ms)[0m   [0mSELECT * FROM `pages_sites` WHERE (`pages_sites`.site_id = 8 AND (page_id = 1)) LIMIT 1[0m
  [4;36;1mPage Load (0.2ms)[0m   [0;1mSELECT * FROM `pages` WHERE (name = 'index') ORDER BY name LIMIT 1[0m
  [4;35;1mCACHE (0.0ms)[0m   [0mSELECT * FROM `pages_sites` WHERE (`pages_sites`.site_id = 8 AND (page_id = 1)) LIMIT 1[0m
  [4;36;1mSite Load (0.2ms)[0m   [0;1mSELECT * FROM `sites` ORDER BY name LIMIT 1[0m
Rendering template within layouts/siteA
Rendering sites/siteA/404 (not_found)
Filter chain halted as [:route_to_view] rendered_or_redirected.
Completed in 125ms (View: 10, DB: 5) | 404 Not Found [http://localhost/]
  [4;35;1mSQL (0.1ms)[0m   [0mSET NAMES 'utf8'[0m
  [4;36;1mSQL (0.1ms)[0m   [0;1mSET SQL_AUTO_IS_NULL=0[0m


Processing HomeController#index (for 127.0.0.1 at 2010-10-08 10:25:47) [GET]
  Parameters: {"action"=>"index", "path"=>["stylesheets", "siteA.css"], "controller"=>"home"}
  [4;35;1mSite Columns (9.6ms)[0m   [0mSHOW FIELDS FROM `sites`[0m
  [4;36;1mSite Load (0.5ms)[0m   [0;1mSELECT * FROM `sites` WHERE (`sites`.`name` = 'siteB') ORDER BY name LIMIT 1[0m
  [4;35;1mUser Columns (2.1ms)[0m   [0mSHOW FIELDS FROM `users`[0m
Filter chain halted as [:assets] rendered_or_redirected.
Completed in 46ms (View: 1, DB: 13) | 404 Not Found [http://localhost/stylesheets/siteA.css]
  [4;36;1mSQL (0.1ms)[0m   [0;1mSET NAMES 'utf8'[0m
  [4;35;1mSQL (0.1ms)[0m   [0mSET SQL_AUTO_IS_NULL=0[0m


Processing HomeController#index (for 127.0.0.1 at 2010-10-08 10:25:49) [GET]
  Parameters: {"action"=>"index", "controller"=>"home"}
  [4;36;1mSite Columns (37.5ms)[0m   [0;1mSHOW FIELDS FROM `sites`[0m
  [4;35;1mSite Load (47.0ms)[0m   [0mSELECT * FROM `sites` WHERE (`sites`.`name` = 'siteB') ORDER BY name LIMIT 1[0m
  [4;36;1mUser Columns (6.1ms)[0m   [0;1mSHOW FIELDS FROM `users`[0m
  [4;35;1mPage Columns (20.7ms)[0m   [0mSHOW FIELDS FROM `pages`[0m
  [4;36;1mPage Load (53.0ms)[0m   [0;1mSELECT * FROM `pages` WHERE (`pages`.`name` = 'index') ORDER BY name LIMIT 1[0m
  [4;35;1mPagesSite Load (0.4ms)[0m   [0mSELECT * FROM `pages_sites` WHERE (`pages_sites`.site_id = 8 AND (page_id = 1)) LIMIT 1[0m
  [4;36;1mPage Load (0.2ms)[0m   [0;1mSELECT * FROM `pages` WHERE (name = 'index') ORDER BY name LIMIT 1[0m
  [4;35;1mCACHE (0.0ms)[0m   [0mSELECT * FROM `pages_sites` WHERE (`pages_sites`.site_id = 8 AND (page_id = 1)) LIMIT 1[0m
  [4;36;1mSite Load (0.2ms)[0m   [0;1mSELECT * FROM `sites` ORDER BY name LIMIT 1[0m
Rendering template within layouts/siteA
Rendering sites/siteA/404 (not_found)
Filter chain halted as [:route_to_view] rendered_or_redirected.
Completed in 268ms (View: 2, DB: 165) | 404 Not Found [http://localhost/]
  [4;35;1mSQL (0.1ms)[0m   [0mSET NAMES 'utf8'[0m
  [4;36;1mSQL (0.1ms)[0m   [0;1mSET SQL_AUTO_IS_NULL=0[0m


Processing HomeController#index (for 127.0.0.1 at 2010-10-08 10:25:49) [GET]
  Parameters: {"action"=>"index", "path"=>["stylesheets", "siteA.css"], "controller"=>"home"}
  [4;35;1mSite Columns (45.9ms)[0m   [0mSHOW FIELDS FROM `sites`[0m
  [4;36;1mSite Load (0.9ms)[0m   [0;1mSELECT * FROM `sites` WHERE (`sites`.`name` = 'siteB') ORDER BY name LIMIT 1[0m
  [4;35;1mUser Columns (3.4ms)[0m   [0mSHOW FIELDS FROM `users`[0m
Filter chain halted as [:assets] rendered_or_redirected.
Completed in 74ms (View: 1, DB: 50) | 404 Not Found [http://localhost/stylesheets/siteA.css]
  [4;36;1mSQL (0.1ms)[0m   [0;1mSET NAMES 'utf8'[0m
  [4;35;1mSQL (0.1ms)[0m   [0mSET SQL_AUTO_IS_NULL=0[0m


Processing HomeController#index (for 127.0.0.1 at 2010-10-08 10:30:55) [GET]
  Parameters: {"action"=>"index", "controller"=>"home"}
  [4;36;1mSite Columns (1.3ms)[0m   [0;1mSHOW FIELDS FROM `sites`[0m
  [4;35;1mSite Load (0.3ms)[0m   [0mSELECT * FROM `sites` WHERE (`sites`.`name` = 'siteB') ORDER BY name LIMIT 1[0m
  [4;36;1mUser Columns (1.4ms)[0m   [0;1mSHOW FIELDS FROM `users`[0m
  [4;35;1mPage Columns (1.8ms)[0m   [0mSHOW FIELDS FROM `pages`[0m
  [4;36;1mPage Load (0.3ms)[0m   [0;1mSELECT * FROM `pages` WHERE (`pages`.`name` = 'index') ORDER BY name LIMIT 1[0m
  [4;35;1mPagesSite Load (0.3ms)[0m   [0mSELECT * FROM `pages_sites` WHERE (`pages_sites`.site_id = 8 AND (page_id = 1)) LIMIT 1[0m
  [4;36;1mPagesSite Columns (1.1ms)[0m   [0;1mSHOW FIELDS FROM `pages_sites`[0m
  [4;35;1mPageSource Columns (1.2ms)[0m   [0mSHOW FIELDS FROM `pages_sites`[0m
  [4;36;1mPageSource Load (0.2ms)[0m   [0;1mSELECT * FROM `pages_sites` WHERE (`pages_sites`.`id` = 1) [0m
  [4;35;1mPage Load (0.2ms)[0m   [0mSELECT * FROM `pages` WHERE (name = 'index') ORDER BY name LIMIT 1[0m
  [4;36;1mCACHE (0.0ms)[0m   [0;1mSELECT * FROM `pages_sites` WHERE (`pages_sites`.site_id = 8 AND (page_id = 1)) LIMIT 1[0m
  [4;35;1mCACHE (0.0ms)[0m   [0mSELECT * FROM `pages_sites` WHERE (`pages_sites`.`id` = 1) [0m
  [4;36;1mSite Load (0.2ms)[0m   [0;1mSELECT * FROM `sites` WHERE (`sites`.`id` = 7) ORDER BY name[0m
  [4;35;1mPage Load (0.2ms)[0m   [0mSELECT * FROM `pages` WHERE (`pages`.`id` = 1) ORDER BY name[0m
Rendering template within layouts/siteA
Rendering sites/siteA/index
  [4;36;1mSiteVar Columns (1.1ms)[0m   [0;1mSHOW FIELDS FROM `site_vars`[0m
  [4;35;1mSiteVar Load (0.2ms)[0m   [0mSELECT * FROM `site_vars` WHERE (`site_vars`.`name` = 'example_site_var') LIMIT 1[0m
  [4;36;1mSiteSiteVar Load (0.3ms)[0m   [0;1mSELECT * FROM `site_site_vars` WHERE (site_id = 8 AND site_var_id = 4) LIMIT 1[0m
  [4;35;1mSiteSiteVar Columns (1.0ms)[0m   [0mSHOW FIELDS FROM `site_site_vars`[0m
Filter chain halted as [:route_to_view] rendered_or_redirected.
Completed in 138ms (View: 17, DB: 11) | 200 OK [http://localhost/]
  [4;36;1mSQL (0.1ms)[0m   [0;1mSET NAMES 'utf8'[0m
  [4;35;1mSQL (0.1ms)[0m   [0mSET SQL_AUTO_IS_NULL=0[0m


Processing HomeController#index (for 127.0.0.1 at 2010-10-08 10:30:55) [GET]
  Parameters: {"action"=>"index", "path"=>["stylesheets", "siteA.css"], "controller"=>"home"}
  [4;36;1mSite Columns (1.2ms)[0m   [0;1mSHOW FIELDS FROM `sites`[0m
  [4;35;1mSite Load (0.3ms)[0m   [0mSELECT * FROM `sites` WHERE (`sites`.`name` = 'siteB') ORDER BY name LIMIT 1[0m
  [4;36;1mUser Columns (2.1ms)[0m   [0;1mSHOW FIELDS FROM `users`[0m
Filter chain halted as [:assets] rendered_or_redirected.
Completed in 28ms (View: 1, DB: 4) | 404 Not Found [http://localhost/stylesheets/siteA.css]
  [4;35;1mSQL (0.1ms)[0m   [0mSET NAMES 'utf8'[0m
  [4;36;1mSQL (0.1ms)[0m   [0;1mSET SQL_AUTO_IS_NULL=0[0m


Processing HomeController#index (for 127.0.0.1 at 2010-10-08 10:33:07) [GET]
  Parameters: {"action"=>"index", "controller"=>"home"}
  [4;35;1mSite Columns (1.5ms)[0m   [0mSHOW FIELDS FROM `sites`[0m
  [4;36;1mSite Load (60.2ms)[0m   [0;1mSELECT * FROM `sites` WHERE (`sites`.`name` = 'siteB') ORDER BY name LIMIT 1[0m
  [4;35;1mUser Columns (1.7ms)[0m   [0mSHOW FIELDS FROM `users`[0m
  [4;36;1mPage Columns (1.1ms)[0m   [0;1mSHOW FIELDS FROM `pages`[0m
  [4;35;1mPage Load (0.4ms)[0m   [0mSELECT * FROM `pages` WHERE (`pages`.`name` = 'index') ORDER BY name LIMIT 1[0m
  [4;36;1mPagesSite Load (0.3ms)[0m   [0;1mSELECT * FROM `pages_sites` WHERE (`pages_sites`.site_id = 8 AND (page_id = 1)) LIMIT 1[0m
  [4;35;1mPagesSite Columns (1.1ms)[0m   [0mSHOW FIELDS FROM `pages_sites`[0m
  [4;36;1mPageSource Columns (1.1ms)[0m   [0;1mSHOW FIELDS FROM `pages_sites`[0m
  [4;35;1mPageSource Load (0.2ms)[0m   [0mSELECT * FROM `pages_sites` WHERE (`pages_sites`.`id` = 1) [0m
  [4;36;1mPage Load (0.2ms)[0m   [0;1mSELECT * FROM `pages` WHERE (name = 'index') ORDER BY name LIMIT 1[0m
  [4;35;1mCACHE (0.0ms)[0m   [0mSELECT * FROM `pages_sites` WHERE (`pages_sites`.site_id = 8 AND (page_id = 1)) LIMIT 1[0m
  [4;36;1mCACHE (0.0ms)[0m   [0;1mSELECT * FROM `pages_sites` WHERE (`pages_sites`.`id` = 1) [0m
  [4;35;1mSite Load (1.2ms)[0m   [0mSELECT * FROM `sites` WHERE (`sites`.`id` = 7) ORDER BY name[0m
  [4;36;1mPage Load (0.3ms)[0m   [0;1mSELECT * FROM `pages` WHERE (`pages`.`id` = 1) ORDER BY name[0m
Rendering template within layouts/siteA
Rendering sites/siteA/index
  [4;35;1mSiteVar Columns (1.1ms)[0m   [0mSHOW FIELDS FROM `site_vars`[0m
  [4;36;1mSiteVar Load (0.2ms)[0m   [0;1mSELECT * FROM `site_vars` WHERE (`site_vars`.`name` = 'example_site_var') LIMIT 1[0m
  [4;35;1mSiteSiteVar Load (0.3ms)[0m   [0mSELECT * FROM `site_site_vars` WHERE (site_id = 8 AND site_var_id = 4) LIMIT 1[0m
  [4;36;1mSiteSiteVar Columns (1.1ms)[0m   [0;1mSHOW FIELDS FROM `site_site_vars`[0m
Filter chain halted as [:route_to_view] rendered_or_redirected.
Completed in 197ms (View: 17, DB: 72) | 200 OK [http://localhost/]
  [4;35;1mSQL (0.1ms)[0m   [0mSET NAMES 'utf8'[0m
  [4;36;1mSQL (0.1ms)[0m   [0;1mSET SQL_AUTO_IS_NULL=0[0m


Processing HomeController#site=siteA (for 127.0.0.1 at 2010-10-08 10:33:20) [GET]
  Parameters: {"action"=>"site=siteA", "controller"=>"home"}
  [4;35;1mSite Columns (1.5ms)[0m   [0mSHOW FIELDS FROM `sites`[0m
  [4;36;1mSite Load (0.3ms)[0m   [0;1mSELECT * FROM `sites` WHERE (`sites`.`name` = 'siteB') ORDER BY name LIMIT 1[0m
  [4;35;1mUser Columns (1.5ms)[0m   [0mSHOW FIELDS FROM `users`[0m
  [4;36;1mPage Columns (1.1ms)[0m   [0;1mSHOW FIELDS FROM `pages`[0m
  [4;35;1mPage Load (0.2ms)[0m   [0mSELECT * FROM `pages` WHERE (`pages`.`name` = 'site=siteA') ORDER BY name LIMIT 1[0m
  [4;36;1mPagesSite Load (0.3ms)[0m   [0;1mSELECT * FROM `pages_sites` WHERE (`pages_sites`.site_id = 8 AND (page_id = NULL)) LIMIT 1[0m
  [4;35;1mPage Load (0.1ms)[0m   [0mSELECT * FROM `pages` WHERE (name = 'site=siteA') ORDER BY name LIMIT 1[0m
  [4;36;1mCACHE (0.0ms)[0m   [0;1mSELECT * FROM `pages_sites` WHERE (`pages_sites`.site_id = 8 AND (page_id = NULL)) LIMIT 1[0m
  [4;35;1mSite Load (0.2ms)[0m   [0mSELECT * FROM `sites` ORDER BY name LIMIT 1[0m
Rendering template within layouts/siteA
Rendering sites/siteA/404 (not_found)
Filter chain halted as [:route_to_view] rendered_or_redirected.
Completed in 34ms (View: 1, DB: 5) | 404 Not Found [http://localhost/site=siteA]
  [4;36;1mSQL (0.1ms)[0m   [0;1mSET NAMES 'utf8'[0m
  [4;35;1mSQL (0.1ms)[0m   [0mSET SQL_AUTO_IS_NULL=0[0m


Processing HomeController#index (for 127.0.0.1 at 2010-10-08 10:33:28) [GET]
  Parameters: {"action"=>"index", "site"=>"siteA", "controller"=>"home"}
  [4;36;1mSite Columns (1.3ms)[0m   [0;1mSHOW FIELDS FROM `sites`[0m
  [4;35;1mSite Load (0.3ms)[0m   [0mSELECT * FROM `sites` WHERE (`sites`.`name` = 'siteB') ORDER BY name LIMIT 1[0m
  [4;36;1mUser Columns (1.4ms)[0m   [0;1mSHOW FIELDS FROM `users`[0m
  [4;35;1mPage Columns (1.1ms)[0m   [0mSHOW FIELDS FROM `pages`[0m
  [4;36;1mPage Load (0.2ms)[0m   [0;1mSELECT * FROM `pages` WHERE (`pages`.`name` = 'index') ORDER BY name LIMIT 1[0m
  [4;35;1mPagesSite Load (0.3ms)[0m   [0mSELECT * FROM `pages_sites` WHERE (`pages_sites`.site_id = 8 AND (page_id = 1)) LIMIT 1[0m
  [4;36;1mPagesSite Columns (1.1ms)[0m   [0;1mSHOW FIELDS FROM `pages_sites`[0m
  [4;35;1mPageSource Columns (1.1ms)[0m   [0mSHOW FIELDS FROM `pages_sites`[0m
  [4;36;1mPageSource Load (0.2ms)[0m   [0;1mSELECT * FROM `pages_sites` WHERE (`pages_sites`.`id` = 1) [0m
  [4;35;1mPage Load (0.2ms)[0m   [0mSELECT * FROM `pages` WHERE (name = 'index') ORDER BY name LIMIT 1[0m
  [4;36;1mCACHE (0.0ms)[0m   [0;1mSELECT * FROM `pages_sites` WHERE (`pages_sites`.site_id = 8 AND (page_id = 1)) LIMIT 1[0m
  [4;35;1mCACHE (0.0ms)[0m   [0mSELECT * FROM `pages_sites` WHERE (`pages_sites`.`id` = 1) [0m
  [4;36;1mSite Load (0.3ms)[0m   [0;1mSELECT * FROM `sites` WHERE (`sites`.`id` = 7) ORDER BY name[0m
  [4;35;1mPage Load (0.2ms)[0m   [0mSELECT * FROM `pages` WHERE (`pages`.`id` = 1) ORDER BY name[0m
Rendering template within layouts/siteA
Rendering sites/siteA/index
  [4;36;1mSiteVar Columns (1.1ms)[0m   [0;1mSHOW FIELDS FROM `site_vars`[0m
  [4;35;1mSiteVar Load (0.2ms)[0m   [0mSELECT * FROM `site_vars` WHERE (`site_vars`.`name` = 'example_site_var') LIMIT 1[0m
  [4;36;1mSiteSiteVar Load (0.3ms)[0m   [0;1mSELECT * FROM `site_site_vars` WHERE (site_id = 8 AND site_var_id = 4) LIMIT 1[0m
  [4;35;1mSiteSiteVar Columns (1.0ms)[0m   [0mSHOW FIELDS FROM `site_site_vars`[0m
Filter chain halted as [:route_to_view] rendered_or_redirected.
Completed in 128ms (View: 12, DB: 11) | 200 OK [http://localhost/?site=siteA]
